app/build/intermediates/manifest_merge_blame_file/debug/processDebugMainManifest/manifest-merger-blame-debug-report.txt
1<?xml version="1.0" encoding="utf-8"?>
2<manifest xmlns:android="http://schemas.android.com/apk/res/android"
3    package="com.example.nbcsporsassignmentapp"
4    android:versionCode="1"
5    android:versionName="1.0" >
6
7    <uses-sdk
8        android:minSdkVersion="24"
9        android:targetSdkVersion="34" />
10
11    <uses-permission android:name="android.permission.INTERNET" />
11-->src/main/AndroidManifest.xml:5:5-66
11-->src/main/AndroidManifest.xml:5:22-64
12    <uses-permission android:name="android.permission.REORDER_TASKS" />
12-->[androidx.fragment:fragment-testing-manifest:1.8.0] AndroidManifest.xml:23:5-72
12-->[androidx.fragment:fragment-testing-manifest:1.8.0] AndroidManifest.xml:23:22-69
13
14    <permission
14-->[androidx.core:core:1.13.1] AndroidManifest.xml:22:5-24:47
15        android:name="com.example.nbcsporsassignmentapp.DYNAMIC_RECEIVER_NOT_EXPORTED_PERMISSION"
15-->[androidx.core:core:1.13.1] AndroidManifest.xml:23:9-81
16        android:protectionLevel="signature" />
16-->[androidx.core:core:1.13.1] AndroidManifest.xml:24:9-44
17
18    <uses-permission android:name="com.example.nbcsporsassignmentapp.DYNAMIC_RECEIVER_NOT_EXPORTED_PERMISSION" />
18-->[androidx.core:core:1.13.1] AndroidManifest.xml:26:5-97
18-->[androidx.core:core:1.13.1] AndroidManifest.xml:26:22-94
19
20    <queries>
20-->[androidx.test:runner:1.6.0] AndroidManifest.xml:24:5-28:15
21        <package android:name="androidx.test.orchestrator" />
21-->[androidx.test:runner:1.6.0] AndroidManifest.xml:25:9-62
21-->[androidx.test:runner:1.6.0] AndroidManifest.xml:25:18-59
22        <package android:name="androidx.test.services" />
22-->[androidx.test:runner:1.6.0] AndroidManifest.xml:26:9-58
22-->[androidx.test:runner:1.6.0] AndroidManifest.xml:26:18-55
23        <package android:name="com.google.android.apps.common.testing.services" />
23-->[androidx.test:runner:1.6.0] AndroidManifest.xml:27:9-83
23-->[androidx.test:runner:1.6.0] AndroidManifest.xml:27:18-80
24    </queries>
25
26    <application
26-->src/main/AndroidManifest.xml:7:5-27:19
27        android:name="com.example.nbcsporsassignmentapp.NBCSportsAssignmentApp"
27-->src/main/AndroidManifest.xml:9:9-47
28        android:allowBackup="true"
28-->src/main/AndroidManifest.xml:8:9-35
29        android:appComponentFactory="androidx.core.app.CoreComponentFactory"
29-->[androidx.core:core:1.13.1] AndroidManifest.xml:28:18-86
30        android:dataExtractionRules="@xml/data_extraction_rules"
30-->src/main/AndroidManifest.xml:10:9-65
31        android:debuggable="true"
32        android:extractNativeLibs="true"
33        android:fullBackupContent="@xml/backup_rules"
33-->src/main/AndroidManifest.xml:11:9-54
34        android:icon="@mipmap/ic_launcher"
34-->src/main/AndroidManifest.xml:12:9-43
35        android:label="@string/app_name"
35-->src/main/AndroidManifest.xml:13:9-41
36        android:roundIcon="@mipmap/ic_launcher_round"
36-->src/main/AndroidManifest.xml:14:9-54
37        android:supportsRtl="true"
37-->src/main/AndroidManifest.xml:15:9-35
38        android:testOnly="true"
39        android:theme="@style/Theme.NBCSporsAssignmentApp" >
39-->src/main/AndroidManifest.xml:16:9-59
40        <activity
40-->src/debug/AndroidManifest.xml:6:9-8:40
41            android:name="com.example.nbcsporsassignmentapp.HiltTestActivity"
41-->src/debug/AndroidManifest.xml:7:13-45
42            android:exported="false" />
42-->src/debug/AndroidManifest.xml:8:13-37
43        <activity
43-->src/main/AndroidManifest.xml:18:9-26:20
44            android:name="com.example.nbcsporsassignmentapp.MainActivity"
44-->src/main/AndroidManifest.xml:19:13-41
45            android:exported="true" >
45-->src/main/AndroidManifest.xml:20:13-36
46            <intent-filter>
46-->src/main/AndroidManifest.xml:21:13-25:29
47                <action android:name="android.intent.action.MAIN" />
47-->src/main/AndroidManifest.xml:22:17-69
47-->src/main/AndroidManifest.xml:22:25-66
48
49                <category android:name="android.intent.category.LAUNCHER" />
49-->src/main/AndroidManifest.xml:24:17-77
49-->src/main/AndroidManifest.xml:24:27-74
50            </intent-filter>
51        </activity>
52        <activity
52-->[androidx.fragment:fragment-testing-manifest:1.8.0] AndroidManifest.xml:26:9-35:20
53            android:name="androidx.fragment.app.testing.EmptyFragmentActivity"
53-->[androidx.fragment:fragment-testing-manifest:1.8.0] AndroidManifest.xml:27:13-79
54            android:exported="true"
54-->[androidx.fragment:fragment-testing-manifest:1.8.0] AndroidManifest.xml:28:13-36
55            android:multiprocess="true"
55-->[androidx.fragment:fragment-testing-manifest:1.8.0] AndroidManifest.xml:29:13-40
56            android:taskAffinity=""
56-->[androidx.fragment:fragment-testing-manifest:1.8.0] AndroidManifest.xml:30:13-36
57            android:theme="@style/FragmentScenarioEmptyFragmentActivityTheme" >
57-->[androidx.fragment:fragment-testing-manifest:1.8.0] AndroidManifest.xml:31:13-78
58            <intent-filter>
58-->[androidx.fragment:fragment-testing-manifest:1.8.0] AndroidManifest.xml:32:13-34:29
59                <action android:name="android.intent.action.MAIN" />
59-->src/main/AndroidManifest.xml:22:17-69
59-->src/main/AndroidManifest.xml:22:25-66
60            </intent-filter>
61        </activity>
62
63        <provider
63-->[androidx.emoji2:emoji2:1.3.0] AndroidManifest.xml:24:9-32:20
64            android:name="androidx.startup.InitializationProvider"
64-->[androidx.emoji2:emoji2:1.3.0] AndroidManifest.xml:25:13-67
65            android:authorities="com.example.nbcsporsassignmentapp.androidx-startup"
65-->[androidx.emoji2:emoji2:1.3.0] AndroidManifest.xml:26:13-68
66            android:exported="false" >
66-->[androidx.emoji2:emoji2:1.3.0] AndroidManifest.xml:27:13-37
67            <meta-data
67-->[androidx.emoji2:emoji2:1.3.0] AndroidManifest.xml:29:13-31:52
68                android:name="androidx.emoji2.text.EmojiCompatInitializer"
68-->[androidx.emoji2:emoji2:1.3.0] AndroidManifest.xml:30:17-75
69                android:value="androidx.startup" />
69-->[androidx.emoji2:emoji2:1.3.0] AndroidManifest.xml:31:17-49
70            <meta-data
70-->[androidx.lifecycle:lifecycle-process:2.8.2] AndroidManifest.xml:29:13-31:52
71                android:name="androidx.lifecycle.ProcessLifecycleInitializer"
71-->[androidx.lifecycle:lifecycle-process:2.8.2] AndroidManifest.xml:30:17-78
72                android:value="androidx.startup" />
72-->[androidx.lifecycle:lifecycle-process:2.8.2] AndroidManifest.xml:31:17-49
73            <meta-data
73-->[androidx.profileinstaller:profileinstaller:1.3.1] AndroidManifest.xml:29:13-31:52
74                android:name="androidx.profileinstaller.ProfileInstallerInitializer"
74-->[androidx.profileinstaller:profileinstaller:1.3.1] AndroidManifest.xml:30:17-85
75                android:value="androidx.startup" />
75-->[androidx.profileinstaller:profileinstaller:1.3.1] AndroidManifest.xml:31:17-49
76        </provider>
77
78        <activity
78-->[androidx.test:core:1.5.0] AndroidManifest.xml:27:9-34:20
79            android:name="androidx.test.core.app.InstrumentationActivityInvoker$BootstrapActivity"
79-->[androidx.test:core:1.5.0] AndroidManifest.xml:28:13-99
80            android:exported="true"
80-->[androidx.test:core:1.5.0] AndroidManifest.xml:29:13-36
81            android:theme="@style/WhiteBackgroundTheme" >
81-->[androidx.test:core:1.5.0] AndroidManifest.xml:30:13-56
82            <intent-filter android:priority="-100" >
82-->[androidx.test:core:1.5.0] AndroidManifest.xml:31:13-33:29
82-->[androidx.test:core:1.5.0] AndroidManifest.xml:31:28-51
83                <category android:name="android.intent.category.LAUNCHER" />
83-->src/main/AndroidManifest.xml:24:17-77
83-->src/main/AndroidManifest.xml:24:27-74
84            </intent-filter>
85        </activity>
86        <activity
86-->[androidx.test:core:1.5.0] AndroidManifest.xml:35:9-42:20
87            android:name="androidx.test.core.app.InstrumentationActivityInvoker$EmptyActivity"
87-->[androidx.test:core:1.5.0] AndroidManifest.xml:36:13-95
88            android:exported="true"
88-->[androidx.test:core:1.5.0] AndroidManifest.xml:37:13-36
89            android:theme="@style/WhiteBackgroundTheme" >
89-->[androidx.test:core:1.5.0] AndroidManifest.xml:38:13-56
90            <intent-filter android:priority="-100" >
90-->[androidx.test:core:1.5.0] AndroidManifest.xml:31:13-33:29
90-->[androidx.test:core:1.5.0] AndroidManifest.xml:31:28-51
91                <category android:name="android.intent.category.LAUNCHER" />
91-->src/main/AndroidManifest.xml:24:17-77
91-->src/main/AndroidManifest.xml:24:27-74
92            </intent-filter>
93        </activity>
94        <activity
94-->[androidx.test:core:1.5.0] AndroidManifest.xml:43:9-50:20
95            android:name="androidx.test.core.app.InstrumentationActivityInvoker$EmptyFloatingActivity"
95-->[androidx.test:core:1.5.0] AndroidManifest.xml:44:13-103
96            android:exported="true"
96-->[androidx.test:core:1.5.0] AndroidManifest.xml:45:13-36
97            android:theme="@style/WhiteBackgroundDialogTheme" >
97-->[androidx.test:core:1.5.0] AndroidManifest.xml:46:13-62
98            <intent-filter android:priority="-100" >
98-->[androidx.test:core:1.5.0] AndroidManifest.xml:31:13-33:29
98-->[androidx.test:core:1.5.0] AndroidManifest.xml:31:28-51
99                <category android:name="android.intent.category.LAUNCHER" />
99-->src/main/AndroidManifest.xml:24:17-77
99-->src/main/AndroidManifest.xml:24:27-74
100            </intent-filter>
101        </activity>
102
103        <receiver
103-->[androidx.profileinstaller:profileinstaller:1.3.1] AndroidManifest.xml:34:9-52:20
104            android:name="androidx.profileinstaller.ProfileInstallReceiver"
104-->[androidx.profileinstaller:profileinstaller:1.3.1] AndroidManifest.xml:35:13-76
105            android:directBootAware="false"
105-->[androidx.profileinstaller:profileinstaller:1.3.1] AndroidManifest.xml:36:13-44
106            android:enabled="true"
106-->[androidx.profileinstaller:profileinstaller:1.3.1] AndroidManifest.xml:37:13-35
107            android:exported="true"
107-->[androidx.profileinstaller:profileinstaller:1.3.1] AndroidManifest.xml:38:13-36
108            android:permission="android.permission.DUMP" >
108-->[androidx.profileinstaller:profileinstaller:1.3.1] AndroidManifest.xml:39:13-57
109            <intent-filter>
109-->[androidx.profileinstaller:profileinstaller:1.3.1] AndroidManifest.xml:40:13-42:29
110                <action android:name="androidx.profileinstaller.action.INSTALL_PROFILE" />
110-->[androidx.profileinstaller:profileinstaller:1.3.1] AndroidManifest.xml:41:17-91
110-->[androidx.profileinstaller:profileinstaller:1.3.1] AndroidManifest.xml:41:25-88
111            </intent-filter>
112            <intent-filter>
112-->[androidx.profileinstaller:profileinstaller:1.3.1] AndroidManifest.xml:43:13-45:29
113                <action android:name="androidx.profileinstaller.action.SKIP_FILE" />
113-->[androidx.profileinstaller:profileinstaller:1.3.1] AndroidManifest.xml:44:17-85
113-->[androidx.profileinstaller:profileinstaller:1.3.1] AndroidManifest.xml:44:25-82
114            </intent-filter>
115            <intent-filter>
115-->[androidx.profileinstaller:profileinstaller:1.3.1] AndroidManifest.xml:46:13-48:29
116                <action android:name="androidx.profileinstaller.action.SAVE_PROFILE" />
116-->[androidx.profileinstaller:profileinstaller:1.3.1] AndroidManifest.xml:47:17-88
116-->[androidx.profileinstaller:profileinstaller:1.3.1] AndroidManifest.xml:47:25-85
117            </intent-filter>
118            <intent-filter>
118-->[androidx.profileinstaller:profileinstaller:1.3.1] AndroidManifest.xml:49:13-51:29
119                <action android:name="androidx.profileinstaller.action.BENCHMARK_OPERATION" />
119-->[androidx.profileinstaller:profileinstaller:1.3.1] AndroidManifest.xml:50:17-95
119-->[androidx.profileinstaller:profileinstaller:1.3.1] AndroidManifest.xml:50:25-92
120            </intent-filter>
121        </receiver>
122    </application>
123
124</manifest>